#-----------------------------------------------------------
# Vivado v2018.3.1 (64-bit)
# SW Build 2489853 on Tue Mar 26 04:20:25 MDT 2019
# IP Build 2486929 on Tue Mar 26 06:44:21 MDT 2019
# Start of session at: Wed May  1 14:16:21 2019
# Process ID: 42432
# Current directory: C:/Users/Brad/pipelinedMIPS32
# Command line: vivado.exe -gui_launcher_event rodinguilauncherevent15976 C:\Users\Brad\pipelinedMIPS32\MIPS32.xpr
# Log file: C:/Users/Brad/pipelinedMIPS32/vivado.log
# Journal file: C:/Users/Brad/pipelinedMIPS32\vivado.jou
#-----------------------------------------------------------
start_gui
open_project C:/Users/Brad/pipelinedMIPS32/MIPS32.xpr
Scanning sources...
Finished scanning sources
INFO: [Project 1-230] Project 'MIPS32.xpr' upgraded for this version of Vivado.
INFO: [IP_Flow 19-234] Refreshing IP repositories
INFO: [IP_Flow 19-1704] No user IP repositories specified
INFO: [IP_Flow 19-2313] Loaded Vivado IP repository 'C:/Xilinx/Vivado/2018.3/data/ip'.
open_project: Time (s): cpu = 00:00:13 ; elapsed = 00:00:05 . Memory (MB): peak = 711.840 ; gain = 87.512
update_compile_order -fileset sources_1
exit
INFO: [Common 17-206] Exiting Vivado at Wed May  1 14:16:56 2019...
