Vivado Simulator 2018.3
Time resolution is 1 ps
Performing factorial test with input           3...
Ticking factorial module...
Ticking factorial module...
Ticking factorial module...
Ticking factorial module...
SUCCESS: Expected           6, got          6
Testing data retention in factorial module...
SUCCESS: Expected           6, got          6
SUCCESS: Error flag caught
Performing exhaustive test...
Performing factorial test with input           1...
Ticking factorial module...
Ticking factorial module...
SUCCESS: Expected           1, got          1
Performing factorial test with input           2...
Ticking factorial module...
Ticking factorial module...
SUCCESS: Expected           2, got          2
Performing factorial test with input           3...
Ticking factorial module...
Ticking factorial module...
Ticking factorial module...
Ticking factorial module...
SUCCESS: Expected           6, got          6
Performing factorial test with input           4...
Ticking factorial module...
Ticking factorial module...
Ticking factorial module...
Ticking factorial module...
Ticking factorial module...
Ticking factorial module...
SUCCESS: Expected          24, got         24
Performing factorial test with input           5...
Ticking factorial module...
Ticking factorial module...
Ticking factorial module...
Ticking factorial module...
Ticking factorial module...
Ticking factorial module...
Ticking factorial module...
Ticking factorial module...
SUCCESS: Expected         120, got        120
Performing factorial test with input           6...
Ticking factorial module...
Ticking factorial module...
Ticking factorial module...
Ticking factorial module...
Ticking factorial module...
Ticking factorial module...
Ticking factorial module...
Ticking factorial module...
Ticking factorial module...
Ticking factorial module...
SUCCESS: Expected         720, got        720
Performing factorial test with input           7...
Ticking factorial module...
Ticking factorial module...
Ticking factorial module...
Ticking factorial module...
Ticking factorial module...
Ticking factorial module...
Ticking factorial module...
Ticking factorial module...
Ticking factorial module...
Ticking factorial module...
Ticking factorial module...
Ticking factorial module...
SUCCESS: Expected        5040, got       5040
Performing factorial test with input           8...
Ticking factorial module...
Ticking factorial module...
Ticking factorial module...
Ticking factorial module...
Ticking factorial module...
Ticking factorial module...
Ticking factorial module...
Ticking factorial module...
Ticking factorial module...
Ticking factorial module...
Ticking factorial module...
Ticking factorial module...
Ticking factorial module...
Ticking factorial module...
SUCCESS: Expected       40320, got      40320
Performing factorial test with input           9...
Ticking factorial module...
Ticking factorial module...
Ticking factorial module...
Ticking factorial module...
Ticking factorial module...
Ticking factorial module...
Ticking factorial module...
Ticking factorial module...
Ticking factorial module...
Ticking factorial module...
Ticking factorial module...
Ticking factorial module...
Ticking factorial module...
Ticking factorial module...
Ticking factorial module...
Ticking factorial module...
SUCCESS: Expected      362880, got     362880
Performing factorial test with input          10...
Ticking factorial module...
Ticking factorial module...
Ticking factorial module...
Ticking factorial module...
Ticking factorial module...
Ticking factorial module...
Ticking factorial module...
Ticking factorial module...
Ticking factorial module...
Ticking factorial module...
Ticking factorial module...
Ticking factorial module...
Ticking factorial module...
Ticking factorial module...
Ticking factorial module...
Ticking factorial module...
Ticking factorial module...
Ticking factorial module...
SUCCESS: Expected     3628800, got    3628800
Performing factorial test with input          11...
Ticking factorial module...
Ticking factorial module...
Ticking factorial module...
Ticking factorial module...
Ticking factorial module...
Ticking factorial module...
Ticking factorial module...
Ticking factorial module...
Ticking factorial module...
Ticking factorial module...
Ticking factorial module...
Ticking factorial module...
Ticking factorial module...
Ticking factorial module...
Ticking factorial module...
Ticking factorial module...
Ticking factorial module...
Ticking factorial module...
Ticking factorial module...
Ticking factorial module...
SUCCESS: Expected    39916800, got   39916800
Performing factorial test with input          12...
Ticking factorial module...
Ticking factorial module...
Ticking factorial module...
Ticking factorial module...
Ticking factorial module...
Ticking factorial module...
Ticking factorial module...
Ticking factorial module...
Ticking factorial module...
Ticking factorial module...
Ticking factorial module...
Ticking factorial module...
Ticking factorial module...
Ticking factorial module...
Ticking factorial module...
Ticking factorial module...
Ticking factorial module...
Ticking factorial module...
Ticking factorial module...
Ticking factorial module...
Ticking factorial module...
Ticking factorial module...
SUCCESS: Expected   479001600, got  479001600
